{
  "RSpec": {
    "coverage": {
      "/home/dakota/school/201708-Fall/cs169/project/chinese-newcomers-service-center/chinese-newcomers-service-center/app/helpers/application_helper.rb": [
        1,
        null
      ],
      "/home/dakota/school/201708-Fall/cs169/project/chinese-newcomers-service-center/chinese-newcomers-service-center/app/helpers/items_helper.rb": [
        1,
        null
      ],
      "/home/dakota/school/201708-Fall/cs169/project/chinese-newcomers-service-center/chinese-newcomers-service-center/app/helpers/welcome_helper.rb": [
        1,
        null
      ],
      "/home/dakota/school/201708-Fall/cs169/project/chinese-newcomers-service-center/chinese-newcomers-service-center/app/controllers/items_controller.rb": [
        1,
        1,
        null,
        null,
        null,
        1,
        0,
        0,
        null,
        0,
        null,
        0,
        null,
        null,
        0,
        0,
        0,
        null,
        null,
        0,
        null,
        null,
        0,
        null,
        0,
        null,
        0,
        0,
        0,
        0,
        null,
        null,
        null,
        null,
        null,
        null,
        1,
        null,
        null,
        null,
        1,
        0,
        null,
        null,
        null,
        1,
        0,
        null,
        null,
        null,
        null,
        1,
        0,
        0,
        0,
        null,
        null,
        null,
        null,
        1,
        0,
        0,
        0,
        0,
        null,
        0,
        0,
        null,
        null,
        null,
        null,
        null,
        null,
        1,
        0,
        0,
        0,
        0,
        null,
        null,
        null,
        1,
        null,
        1,
        0,
        null,
        null,
        1,
        0,
        null,
        null
      ],
      "/home/dakota/school/201708-Fall/cs169/project/chinese-newcomers-service-center/chinese-newcomers-service-center/app/controllers/application_controller.rb": [
        1,
        null,
        null,
        1,
        null
      ],
      "/home/dakota/school/201708-Fall/cs169/project/chinese-newcomers-service-center/chinese-newcomers-service-center/app/models/item.rb": [
        0,
        0
      ],
      "/home/dakota/school/201708-Fall/cs169/project/chinese-newcomers-service-center/chinese-newcomers-service-center/app/controllers/welcome_controller.rb": [
        0,
        0,
        0,
        0
      ]
    },
    "timestamp": 1508563252
  },
  "Cucumber Features": {
    "coverage": {
      "/home/dakota/school/201708-Fall/cs169/project/chinese-newcomers-service-center/chinese-newcomers-service-center/app/models/item.rb": [
        1,
        null
      ],
      "/home/dakota/school/201708-Fall/cs169/project/chinese-newcomers-service-center/chinese-newcomers-service-center/app/controllers/items_controller.rb": [
        1,
        1,
        null,
        null,
        null,
        1,
        10,
        10,
        null,
        2,
        null,
        2,
        null,
        null,
        10,
        2,
        2,
        null,
        null,
        8,
        null,
        null,
        8,
        null,
        8,
        null,
        8,
        1,
        1,
        1,
        null,
        null,
        null,
        null,
        null,
        null,
        1,
        null,
        null,
        null,
        1,
        1,
        null,
        null,
        null,
        1,
        2,
        null,
        null,
        null,
        null,
        1,
        1,
        1,
        1,
        null,
        null,
        null,
        null,
        1,
        2,
        2,
        4,
        2,
        null,
        0,
        0,
        null,
        null,
        null,
        null,
        null,
        null,
        1,
        null,
        null,
        null,
        null,
        null,
        null,
        null,
        1,
        null,
        1,
        4,
        null,
        null,
        1,
        3,
        null,
        null
      ],
      "/home/dakota/school/201708-Fall/cs169/project/chinese-newcomers-service-center/chinese-newcomers-service-center/app/controllers/application_controller.rb": [
        1,
        null,
        null,
        1,
        null
      ],
      "/home/dakota/school/201708-Fall/cs169/project/chinese-newcomers-service-center/chinese-newcomers-service-center/app/helpers/application_helper.rb": [
        1,
        null
      ],
      "/home/dakota/school/201708-Fall/cs169/project/chinese-newcomers-service-center/chinese-newcomers-service-center/app/helpers/items_helper.rb": [
        1,
        null
      ],
      "/home/dakota/school/201708-Fall/cs169/project/chinese-newcomers-service-center/chinese-newcomers-service-center/app/helpers/welcome_helper.rb": [
        1,
        null
      ]
    },
    "timestamp": 1508563627
  }
}
